-------- lena.bmp        [22:46 12.06.2007] ------------------------------------
    q      = 13.74849    bpp:  0.519714
    lambda = 21.6125     psnr: 37.5682
    lvls   = 5;

    Инициализация моделей:       отключена
    Корректировка коэффициентов: 3ёх точечная
--------------------------------------------------------------------------------

-------- lena.bmp        [22:49 12.06.2007] ------------------------------------
    q      = 13.74849    bpp:  0.516205
    lambda = 21.6125     psnr: 37.5706
    lvls   = 5;

    Инициализация моделей:       равномерная инициализация моделей 0 и 1
    Корректировка коэффициентов: 3ёх точечная
--------------------------------------------------------------------------------

-------- lena.bmp        [22:51 12.06.2007] ------------------------------------
    q      = 13.74849    bpp:  0.507629
    lambda = 21.6125     psnr: 37.4012
    lvls   = 5;

    Инициализация моделей:       равномерная инициализация моделей 0 и 1
    Корректировка коэффициентов: 4ёх точечная
--------------------------------------------------------------------------------

-------- lena.bmp        [22:56 12.06.2007] ------------------------------------
    q      = 13.74849    bpp:  0.510956
    lambda = 21.6125     psnr: 37.3923
    lvls   = 5;

    Инициализация моделей:       отключена
    Корректировка коэффициентов: 4ёх точечная
--------------------------------------------------------------------------------

